ffplay.obj : error LNK2019: unresolved external symbol av_strerror referenced in function print_error
ffplay.obj : error LNK2019: unresolved external symbol av_mallocz_array referenced in function setup_find_stream_info_opts
ffplay.obj : error LNK2019: unresolved external symbol av_log referenced in function check_stream_specifier
ffplay.obj : error LNK2019: unresolved external symbol av_dict_get referenced in function filter_codec_opts
ffplay.obj : error LNK2019: unresolved external symbol av_dict_set referenced in function filter_codec_opts
ffplay.obj : error LNK2019: unresolved external symbol avcodec_get_class referenced in function filter_codec_opts
ffplay.obj : error LNK2019: unresolved external symbol avcodec_find_decoder referenced in function filter_codec_opts
ffplay.obj : error LNK2019: unresolved external symbol avcodec_find_encoder referenced in function filter_codec_opts
ffplay.obj : error LNK2019: unresolved external symbol avformat_match_stream_specifier referenced in function check_stream_specifier
ffplay.obj : error LNK2019: unresolved external symbol av_opt_find referenced in function filter_codec_opts
ffplay.obj : error LNK2019: unresolved external symbol SDL_GetError referenced in function SDL_main
ffplay.obj : error LNK2019: unresolved external symbol SDL_MapRGB referenced in function SDL_main
ffplay.obj : error LNK2019: unresolved external symbol SDL_FillRect referenced in function SDL_main
ffplay.obj : error LNK2019: unresolved external symbol SDL_CreateWindow referenced in function SDL_main
ffplay.obj : error LNK2019: unresolved external symbol SDL_GetWindowSurface referenced in function SDL_main
ffplay.obj : error LNK2019: unresolved external symbol SDL_UpdateWindowSurface referenced in function SDL_main
ffplay.obj : error LNK2019: unresolved external symbol SDL_DestroyWindow referenced in function SDL_main
ffplay.obj : error LNK2019: unresolved external symbol SDL_Delay referenced in function SDL_main
ffplay.obj : error LNK2019: unresolved external symbol SDL_Init referenced in function SDL_main
ffplay.obj : error LNK2019: unresolved external symbol SDL_Quit referenced in function SDL_main
MSVCRTD.lib(exe_main.obj) : error LNK2019: unresolved external symbol main referenced in function "int __cdecl invoke_main(void)" (?invoke_main@@YAHXZ)
C:\Users\DatavyuTests\Documents\SDL2-2.0.8VC\lib\x86\SDL2.lib : warning LNK4272: library machine type 'x86' conflicts with target machine type 'x64'
C:\Users\DatavyuTests\Documents\SDL2-2.0.8VC\lib\x86\SDL2main.lib : warning LNK4272: library machine type 'x86' conflicts with target machine type 'x64'
C:\Users\DatavyuTests\source\repos\FFplay\x64\Debug\FFplay.exe : fatal error LNK1120: 21 unresolved externals
